CRITICAL - 2024-04-02 11:08:50 --> ErrorException: Undefined variable $session
in APPPATH\Controllers\LoginController.php on line 12.
 1 APPPATH\Controllers\LoginController.php(12): CodeIgniter\Debug\Exceptions->errorHandler(2, 'Undefined variable $session', 'C:\\xampp8.2\\htdocs\\authtest\\app\\Controllers\\LoginController.php', 12)
 2 SYSTEMPATH\CodeIgniter.php(943): App\Controllers\LoginController->index()
 3 SYSTEMPATH\CodeIgniter.php(503): CodeIgniter\CodeIgniter->runController(Object(App\Controllers\LoginController))
 4 SYSTEMPATH\CodeIgniter.php(361): CodeIgniter\CodeIgniter->handleRequest(null, Object(Config\Cache), false)
 5 FCPATH\index.php(79): CodeIgniter\CodeIgniter->run()
 6 SYSTEMPATH\Commands\Server\rewrite.php(47): require_once('C:\\xampp8.2\\htdocs\\authtest\\public\\index.php')
CRITICAL - 2024-04-02 11:09:02 --> ErrorException: Undefined variable $session
in APPPATH\Controllers\LoginController.php on line 12.
 1 APPPATH\Controllers\LoginController.php(12): CodeIgniter\Debug\Exceptions->errorHandler(2, 'Undefined variable $session', 'C:\\xampp8.2\\htdocs\\authtest\\app\\Controllers\\LoginController.php', 12)
 2 SYSTEMPATH\CodeIgniter.php(943): App\Controllers\LoginController->index()
 3 SYSTEMPATH\CodeIgniter.php(503): CodeIgniter\CodeIgniter->runController(Object(App\Controllers\LoginController))
 4 SYSTEMPATH\CodeIgniter.php(361): CodeIgniter\CodeIgniter->handleRequest(null, Object(Config\Cache), false)
 5 FCPATH\index.php(79): CodeIgniter\CodeIgniter->run()
 6 SYSTEMPATH\Commands\Server\rewrite.php(47): require_once('C:\\xampp8.2\\htdocs\\authtest\\public\\index.php')
CRITICAL - 2024-04-02 11:09:04 --> ErrorException: Undefined variable $session
in APPPATH\Controllers\LoginController.php on line 12.
 1 APPPATH\Controllers\LoginController.php(12): CodeIgniter\Debug\Exceptions->errorHandler(2, 'Undefined variable $session', 'C:\\xampp8.2\\htdocs\\authtest\\app\\Controllers\\LoginController.php', 12)
 2 SYSTEMPATH\CodeIgniter.php(943): App\Controllers\LoginController->index()
 3 SYSTEMPATH\CodeIgniter.php(503): CodeIgniter\CodeIgniter->runController(Object(App\Controllers\LoginController))
 4 SYSTEMPATH\CodeIgniter.php(361): CodeIgniter\CodeIgniter->handleRequest(null, Object(Config\Cache), false)
 5 FCPATH\index.php(79): CodeIgniter\CodeIgniter->run()
 6 SYSTEMPATH\Commands\Server\rewrite.php(47): require_once('C:\\xampp8.2\\htdocs\\authtest\\public\\index.php')
CRITICAL - 2024-04-02 11:09:09 --> ErrorException: Undefined variable $session
in APPPATH\Controllers\LoginController.php on line 12.
 1 APPPATH\Controllers\LoginController.php(12): CodeIgniter\Debug\Exceptions->errorHandler(2, 'Undefined variable $session', 'C:\\xampp8.2\\htdocs\\authtest\\app\\Controllers\\LoginController.php', 12)
 2 SYSTEMPATH\CodeIgniter.php(943): App\Controllers\LoginController->index()
 3 SYSTEMPATH\CodeIgniter.php(503): CodeIgniter\CodeIgniter->runController(Object(App\Controllers\LoginController))
 4 SYSTEMPATH\CodeIgniter.php(361): CodeIgniter\CodeIgniter->handleRequest(null, Object(Config\Cache), false)
 5 FCPATH\index.php(79): CodeIgniter\CodeIgniter->run()
 6 SYSTEMPATH\Commands\Server\rewrite.php(47): require_once('C:\\xampp8.2\\htdocs\\authtest\\public\\index.php')
CRITICAL - 2024-04-02 11:10:59 --> ErrorException: Undefined variable $session
in APPPATH\Controllers\LoginController.php on line 12.
 1 APPPATH\Controllers\LoginController.php(12): CodeIgniter\Debug\Exceptions->errorHandler(2, 'Undefined variable $session', 'C:\\xampp8.2\\htdocs\\authtest\\app\\Controllers\\LoginController.php', 12)
 2 SYSTEMPATH\CodeIgniter.php(943): App\Controllers\LoginController->index()
 3 SYSTEMPATH\CodeIgniter.php(503): CodeIgniter\CodeIgniter->runController(Object(App\Controllers\LoginController))
 4 SYSTEMPATH\CodeIgniter.php(361): CodeIgniter\CodeIgniter->handleRequest(null, Object(Config\Cache), false)
 5 FCPATH\index.php(79): CodeIgniter\CodeIgniter->run()
 6 SYSTEMPATH\Commands\Server\rewrite.php(47): require_once('C:\\xampp8.2\\htdocs\\authtest\\public\\index.php')
CRITICAL - 2024-04-02 11:11:01 --> ErrorException: Undefined variable $session
in APPPATH\Controllers\LoginController.php on line 12.
 1 APPPATH\Controllers\LoginController.php(12): CodeIgniter\Debug\Exceptions->errorHandler(2, 'Undefined variable $session', 'C:\\xampp8.2\\htdocs\\authtest\\app\\Controllers\\LoginController.php', 12)
 2 SYSTEMPATH\CodeIgniter.php(943): App\Controllers\LoginController->index()
 3 SYSTEMPATH\CodeIgniter.php(503): CodeIgniter\CodeIgniter->runController(Object(App\Controllers\LoginController))
 4 SYSTEMPATH\CodeIgniter.php(361): CodeIgniter\CodeIgniter->handleRequest(null, Object(Config\Cache), false)
 5 FCPATH\index.php(79): CodeIgniter\CodeIgniter->run()
 6 SYSTEMPATH\Commands\Server\rewrite.php(47): require_once('C:\\xampp8.2\\htdocs\\authtest\\public\\index.php')
CRITICAL - 2024-04-02 11:12:53 --> TypeError: App\Controllers\LoginController::index(): Return value must be of type string, CodeIgniter\HTTP\RedirectResponse returned
in APPPATH\Controllers\LoginController.php on line 16.
 1 SYSTEMPATH\CodeIgniter.php(943): App\Controllers\LoginController->index()
 2 SYSTEMPATH\CodeIgniter.php(503): CodeIgniter\CodeIgniter->runController(Object(App\Controllers\LoginController))
 3 SYSTEMPATH\CodeIgniter.php(361): CodeIgniter\CodeIgniter->handleRequest(null, Object(Config\Cache), false)
 4 FCPATH\index.php(79): CodeIgniter\CodeIgniter->run()
 5 SYSTEMPATH\Commands\Server\rewrite.php(47): require_once('C:\\xampp8.2\\htdocs\\authtest\\public\\index.php')
CRITICAL - 2024-04-02 11:12:55 --> TypeError: App\Controllers\LoginController::index(): Return value must be of type string, CodeIgniter\HTTP\RedirectResponse returned
in APPPATH\Controllers\LoginController.php on line 16.
 1 SYSTEMPATH\CodeIgniter.php(943): App\Controllers\LoginController->index()
 2 SYSTEMPATH\CodeIgniter.php(503): CodeIgniter\CodeIgniter->runController(Object(App\Controllers\LoginController))
 3 SYSTEMPATH\CodeIgniter.php(361): CodeIgniter\CodeIgniter->handleRequest(null, Object(Config\Cache), false)
 4 FCPATH\index.php(79): CodeIgniter\CodeIgniter->run()
 5 SYSTEMPATH\Commands\Server\rewrite.php(47): require_once('C:\\xampp8.2\\htdocs\\authtest\\public\\index.php')
CRITICAL - 2024-04-02 11:12:57 --> TypeError: App\Controllers\LoginController::index(): Return value must be of type string, CodeIgniter\HTTP\RedirectResponse returned
in APPPATH\Controllers\LoginController.php on line 16.
 1 SYSTEMPATH\CodeIgniter.php(943): App\Controllers\LoginController->index()
 2 SYSTEMPATH\CodeIgniter.php(503): CodeIgniter\CodeIgniter->runController(Object(App\Controllers\LoginController))
 3 SYSTEMPATH\CodeIgniter.php(361): CodeIgniter\CodeIgniter->handleRequest(null, Object(Config\Cache), false)
 4 FCPATH\index.php(79): CodeIgniter\CodeIgniter->run()
 5 SYSTEMPATH\Commands\Server\rewrite.php(47): require_once('C:\\xampp8.2\\htdocs\\authtest\\public\\index.php')
CRITICAL - 2024-04-02 13:36:08 --> ErrorException: include(D:\xampp\htdocs\authtest\app\Views\Layouts/Layouts/Footer.php): Failed to open stream: No such file or directory
in APPPATH\Views\Layouts\Header.php on line 238.
 1 APPPATH\Views\Layouts\Header.php(238): CodeIgniter\Debug\Exceptions->errorHandler(2, 'include(D:\\xampp\\htdocs\\authtest\\app\\Views\\Layouts/Layouts/Footer.php): Failed to open stream: No such file or directory', 'D:\\xampp\\htdocs\\authtest\\app\\Views\\Layouts\\Header.php', 238)
 2 APPPATH\Views\Layouts\Header.php(238): include()
 3 APPPATH\Views\Dashboard.php(2): include('D:\\xampp\\htdocs\\authtest\\app\\Views\\Layouts\\Header.php')
 4 SYSTEMPATH\View\View.php(228): include('D:\\xampp\\htdocs\\authtest\\app\\Views\\Dashboard.php')
 5 SYSTEMPATH\View\View.php(231): CodeIgniter\View\View->CodeIgniter\View\{closure}()
 6 SYSTEMPATH\Common.php(1178): CodeIgniter\View\View->render('Dashboard', [], true)
 7 APPPATH\Controllers\Home.php(16): view('Dashboard')
 8 SYSTEMPATH\CodeIgniter.php(943): App\Controllers\Home->Dashboard()
 9 SYSTEMPATH\CodeIgniter.php(503): CodeIgniter\CodeIgniter->runController(Object(App\Controllers\Home))
10 SYSTEMPATH\CodeIgniter.php(361): CodeIgniter\CodeIgniter->handleRequest(null, Object(Config\Cache), false)
11 FCPATH\index.php(79): CodeIgniter\CodeIgniter->run()
12 SYSTEMPATH\Commands\Server\rewrite.php(47): require_once('D:\\xampp\\htdocs\\authtest\\public\\index.php')
CRITICAL - 2024-04-02 13:36:47 --> ErrorException: include(D:\xampp\htdocs\authtest\app\Views\Layouts/Layouts/Sidebar.php): Failed to open stream: No such file or directory
in APPPATH\Views\Layouts\Header.php on line 238.
 1 APPPATH\Views\Layouts\Header.php(238): CodeIgniter\Debug\Exceptions->errorHandler(2, 'include(D:\\xampp\\htdocs\\authtest\\app\\Views\\Layouts/Layouts/Sidebar.php): Failed to open stream: No such file or directory', 'D:\\xampp\\htdocs\\authtest\\app\\Views\\Layouts\\Header.php', 238)
 2 APPPATH\Views\Layouts\Header.php(238): include()
 3 APPPATH\Views\Dashboard.php(2): include('D:\\xampp\\htdocs\\authtest\\app\\Views\\Layouts\\Header.php')
 4 SYSTEMPATH\View\View.php(228): include('D:\\xampp\\htdocs\\authtest\\app\\Views\\Dashboard.php')
 5 SYSTEMPATH\View\View.php(231): CodeIgniter\View\View->CodeIgniter\View\{closure}()
 6 SYSTEMPATH\Common.php(1178): CodeIgniter\View\View->render('Dashboard', [], true)
 7 APPPATH\Controllers\Home.php(16): view('Dashboard')
 8 SYSTEMPATH\CodeIgniter.php(943): App\Controllers\Home->Dashboard()
 9 SYSTEMPATH\CodeIgniter.php(503): CodeIgniter\CodeIgniter->runController(Object(App\Controllers\Home))
10 SYSTEMPATH\CodeIgniter.php(361): CodeIgniter\CodeIgniter->handleRequest(null, Object(Config\Cache), false)
11 FCPATH\index.php(79): CodeIgniter\CodeIgniter->run()
12 SYSTEMPATH\Commands\Server\rewrite.php(47): require_once('D:\\xampp\\htdocs\\authtest\\public\\index.php')
CRITICAL - 2024-04-02 13:36:48 --> ErrorException: include(D:\xampp\htdocs\authtest\app\Views\Layouts/Layouts/Sidebar.php): Failed to open stream: No such file or directory
in APPPATH\Views\Layouts\Header.php on line 238.
 1 APPPATH\Views\Layouts\Header.php(238): CodeIgniter\Debug\Exceptions->errorHandler(2, 'include(D:\\xampp\\htdocs\\authtest\\app\\Views\\Layouts/Layouts/Sidebar.php): Failed to open stream: No such file or directory', 'D:\\xampp\\htdocs\\authtest\\app\\Views\\Layouts\\Header.php', 238)
 2 APPPATH\Views\Layouts\Header.php(238): include()
 3 APPPATH\Views\Dashboard.php(2): include('D:\\xampp\\htdocs\\authtest\\app\\Views\\Layouts\\Header.php')
 4 SYSTEMPATH\View\View.php(228): include('D:\\xampp\\htdocs\\authtest\\app\\Views\\Dashboard.php')
 5 SYSTEMPATH\View\View.php(231): CodeIgniter\View\View->CodeIgniter\View\{closure}()
 6 SYSTEMPATH\Common.php(1178): CodeIgniter\View\View->render('Dashboard', [], true)
 7 APPPATH\Controllers\Home.php(16): view('Dashboard')
 8 SYSTEMPATH\CodeIgniter.php(943): App\Controllers\Home->Dashboard()
 9 SYSTEMPATH\CodeIgniter.php(503): CodeIgniter\CodeIgniter->runController(Object(App\Controllers\Home))
10 SYSTEMPATH\CodeIgniter.php(361): CodeIgniter\CodeIgniter->handleRequest(null, Object(Config\Cache), false)
11 FCPATH\index.php(79): CodeIgniter\CodeIgniter->run()
12 SYSTEMPATH\Commands\Server\rewrite.php(47): require_once('D:\\xampp\\htdocs\\authtest\\public\\index.php')
CRITICAL - 2024-04-02 13:36:48 --> ErrorException: include(D:\xampp\htdocs\authtest\app\Views\Layouts/Layouts/Sidebar.php): Failed to open stream: No such file or directory
in APPPATH\Views\Layouts\Header.php on line 238.
 1 APPPATH\Views\Layouts\Header.php(238): CodeIgniter\Debug\Exceptions->errorHandler(2, 'include(D:\\xampp\\htdocs\\authtest\\app\\Views\\Layouts/Layouts/Sidebar.php): Failed to open stream: No such file or directory', 'D:\\xampp\\htdocs\\authtest\\app\\Views\\Layouts\\Header.php', 238)
 2 APPPATH\Views\Layouts\Header.php(238): include()
 3 APPPATH\Views\Dashboard.php(2): include('D:\\xampp\\htdocs\\authtest\\app\\Views\\Layouts\\Header.php')
 4 SYSTEMPATH\View\View.php(228): include('D:\\xampp\\htdocs\\authtest\\app\\Views\\Dashboard.php')
 5 SYSTEMPATH\View\View.php(231): CodeIgniter\View\View->CodeIgniter\View\{closure}()
 6 SYSTEMPATH\Common.php(1178): CodeIgniter\View\View->render('Dashboard', [], true)
 7 APPPATH\Controllers\Home.php(16): view('Dashboard')
 8 SYSTEMPATH\CodeIgniter.php(943): App\Controllers\Home->Dashboard()
 9 SYSTEMPATH\CodeIgniter.php(503): CodeIgniter\CodeIgniter->runController(Object(App\Controllers\Home))
10 SYSTEMPATH\CodeIgniter.php(361): CodeIgniter\CodeIgniter->handleRequest(null, Object(Config\Cache), false)
11 FCPATH\index.php(79): CodeIgniter\CodeIgniter->run()
12 SYSTEMPATH\Commands\Server\rewrite.php(47): require_once('D:\\xampp\\htdocs\\authtest\\public\\index.php')
CRITICAL - 2024-04-02 13:36:48 --> ErrorException: include(D:\xampp\htdocs\authtest\app\Views\Layouts/Layouts/Sidebar.php): Failed to open stream: No such file or directory
in APPPATH\Views\Layouts\Header.php on line 238.
 1 APPPATH\Views\Layouts\Header.php(238): CodeIgniter\Debug\Exceptions->errorHandler(2, 'include(D:\\xampp\\htdocs\\authtest\\app\\Views\\Layouts/Layouts/Sidebar.php): Failed to open stream: No such file or directory', 'D:\\xampp\\htdocs\\authtest\\app\\Views\\Layouts\\Header.php', 238)
 2 APPPATH\Views\Layouts\Header.php(238): include()
 3 APPPATH\Views\Dashboard.php(2): include('D:\\xampp\\htdocs\\authtest\\app\\Views\\Layouts\\Header.php')
 4 SYSTEMPATH\View\View.php(228): include('D:\\xampp\\htdocs\\authtest\\app\\Views\\Dashboard.php')
 5 SYSTEMPATH\View\View.php(231): CodeIgniter\View\View->CodeIgniter\View\{closure}()
 6 SYSTEMPATH\Common.php(1178): CodeIgniter\View\View->render('Dashboard', [], true)
 7 APPPATH\Controllers\Home.php(16): view('Dashboard')
 8 SYSTEMPATH\CodeIgniter.php(943): App\Controllers\Home->Dashboard()
 9 SYSTEMPATH\CodeIgniter.php(503): CodeIgniter\CodeIgniter->runController(Object(App\Controllers\Home))
10 SYSTEMPATH\CodeIgniter.php(361): CodeIgniter\CodeIgniter->handleRequest(null, Object(Config\Cache), false)
11 FCPATH\index.php(79): CodeIgniter\CodeIgniter->run()
12 SYSTEMPATH\Commands\Server\rewrite.php(47): require_once('D:\\xampp\\htdocs\\authtest\\public\\index.php')
CRITICAL - 2024-04-02 13:36:48 --> ErrorException: include(D:\xampp\htdocs\authtest\app\Views\Layouts/Layouts/Sidebar.php): Failed to open stream: No such file or directory
in APPPATH\Views\Layouts\Header.php on line 238.
 1 APPPATH\Views\Layouts\Header.php(238): CodeIgniter\Debug\Exceptions->errorHandler(2, 'include(D:\\xampp\\htdocs\\authtest\\app\\Views\\Layouts/Layouts/Sidebar.php): Failed to open stream: No such file or directory', 'D:\\xampp\\htdocs\\authtest\\app\\Views\\Layouts\\Header.php', 238)
 2 APPPATH\Views\Layouts\Header.php(238): include()
 3 APPPATH\Views\Dashboard.php(2): include('D:\\xampp\\htdocs\\authtest\\app\\Views\\Layouts\\Header.php')
 4 SYSTEMPATH\View\View.php(228): include('D:\\xampp\\htdocs\\authtest\\app\\Views\\Dashboard.php')
 5 SYSTEMPATH\View\View.php(231): CodeIgniter\View\View->CodeIgniter\View\{closure}()
 6 SYSTEMPATH\Common.php(1178): CodeIgniter\View\View->render('Dashboard', [], true)
 7 APPPATH\Controllers\Home.php(16): view('Dashboard')
 8 SYSTEMPATH\CodeIgniter.php(943): App\Controllers\Home->Dashboard()
 9 SYSTEMPATH\CodeIgniter.php(503): CodeIgniter\CodeIgniter->runController(Object(App\Controllers\Home))
10 SYSTEMPATH\CodeIgniter.php(361): CodeIgniter\CodeIgniter->handleRequest(null, Object(Config\Cache), false)
11 FCPATH\index.php(79): CodeIgniter\CodeIgniter->run()
12 SYSTEMPATH\Commands\Server\rewrite.php(47): require_once('D:\\xampp\\htdocs\\authtest\\public\\index.php')
CRITICAL - 2024-04-02 13:36:49 --> ErrorException: include(D:\xampp\htdocs\authtest\app\Views\Layouts/Layouts/Sidebar.php): Failed to open stream: No such file or directory
in APPPATH\Views\Layouts\Header.php on line 238.
 1 APPPATH\Views\Layouts\Header.php(238): CodeIgniter\Debug\Exceptions->errorHandler(2, 'include(D:\\xampp\\htdocs\\authtest\\app\\Views\\Layouts/Layouts/Sidebar.php): Failed to open stream: No such file or directory', 'D:\\xampp\\htdocs\\authtest\\app\\Views\\Layouts\\Header.php', 238)
 2 APPPATH\Views\Layouts\Header.php(238): include()
 3 APPPATH\Views\Dashboard.php(2): include('D:\\xampp\\htdocs\\authtest\\app\\Views\\Layouts\\Header.php')
 4 SYSTEMPATH\View\View.php(228): include('D:\\xampp\\htdocs\\authtest\\app\\Views\\Dashboard.php')
 5 SYSTEMPATH\View\View.php(231): CodeIgniter\View\View->CodeIgniter\View\{closure}()
 6 SYSTEMPATH\Common.php(1178): CodeIgniter\View\View->render('Dashboard', [], true)
 7 APPPATH\Controllers\Home.php(16): view('Dashboard')
 8 SYSTEMPATH\CodeIgniter.php(943): App\Controllers\Home->Dashboard()
 9 SYSTEMPATH\CodeIgniter.php(503): CodeIgniter\CodeIgniter->runController(Object(App\Controllers\Home))
10 SYSTEMPATH\CodeIgniter.php(361): CodeIgniter\CodeIgniter->handleRequest(null, Object(Config\Cache), false)
11 FCPATH\index.php(79): CodeIgniter\CodeIgniter->run()
12 SYSTEMPATH\Commands\Server\rewrite.php(47): require_once('D:\\xampp\\htdocs\\authtest\\public\\index.php')
CRITICAL - 2024-04-02 13:36:55 --> ErrorException: include(D:\xampp\htdocs\authtest\app\Views\Layouts/Layouts/Sidebar.php): Failed to open stream: No such file or directory
in APPPATH\Views\Layouts\Header.php on line 237.
 1 APPPATH\Views\Layouts\Header.php(237): CodeIgniter\Debug\Exceptions->errorHandler(2, 'include(D:\\xampp\\htdocs\\authtest\\app\\Views\\Layouts/Layouts/Sidebar.php): Failed to open stream: No such file or directory', 'D:\\xampp\\htdocs\\authtest\\app\\Views\\Layouts\\Header.php', 237)
 2 APPPATH\Views\Layouts\Header.php(237): include()
 3 APPPATH\Views\Dashboard.php(2): include('D:\\xampp\\htdocs\\authtest\\app\\Views\\Layouts\\Header.php')
 4 SYSTEMPATH\View\View.php(228): include('D:\\xampp\\htdocs\\authtest\\app\\Views\\Dashboard.php')
 5 SYSTEMPATH\View\View.php(231): CodeIgniter\View\View->CodeIgniter\View\{closure}()
 6 SYSTEMPATH\Common.php(1178): CodeIgniter\View\View->render('Dashboard', [], true)
 7 APPPATH\Controllers\Home.php(16): view('Dashboard')
 8 SYSTEMPATH\CodeIgniter.php(943): App\Controllers\Home->Dashboard()
 9 SYSTEMPATH\CodeIgniter.php(503): CodeIgniter\CodeIgniter->runController(Object(App\Controllers\Home))
10 SYSTEMPATH\CodeIgniter.php(361): CodeIgniter\CodeIgniter->handleRequest(null, Object(Config\Cache), false)
11 FCPATH\index.php(79): CodeIgniter\CodeIgniter->run()
12 SYSTEMPATH\Commands\Server\rewrite.php(47): require_once('D:\\xampp\\htdocs\\authtest\\public\\index.php')
CRITICAL - 2024-04-02 13:37:12 --> ErrorException: include(D:\xampp\htdocs\authtest\app\Views\Layouts../Sidebar.php): Failed to open stream: No such file or directory
in APPPATH\Views\Layouts\Header.php on line 237.
 1 APPPATH\Views\Layouts\Header.php(237): CodeIgniter\Debug\Exceptions->errorHandler(2, 'include(D:\\xampp\\htdocs\\authtest\\app\\Views\\Layouts../Sidebar.php): Failed to open stream: No such file or directory', 'D:\\xampp\\htdocs\\authtest\\app\\Views\\Layouts\\Header.php', 237)
 2 APPPATH\Views\Layouts\Header.php(237): include()
 3 APPPATH\Views\Dashboard.php(2): include('D:\\xampp\\htdocs\\authtest\\app\\Views\\Layouts\\Header.php')
 4 SYSTEMPATH\View\View.php(228): include('D:\\xampp\\htdocs\\authtest\\app\\Views\\Dashboard.php')
 5 SYSTEMPATH\View\View.php(231): CodeIgniter\View\View->CodeIgniter\View\{closure}()
 6 SYSTEMPATH\Common.php(1178): CodeIgniter\View\View->render('Dashboard', [], true)
 7 APPPATH\Controllers\Home.php(16): view('Dashboard')
 8 SYSTEMPATH\CodeIgniter.php(943): App\Controllers\Home->Dashboard()
 9 SYSTEMPATH\CodeIgniter.php(503): CodeIgniter\CodeIgniter->runController(Object(App\Controllers\Home))
10 SYSTEMPATH\CodeIgniter.php(361): CodeIgniter\CodeIgniter->handleRequest(null, Object(Config\Cache), false)
11 FCPATH\index.php(79): CodeIgniter\CodeIgniter->run()
12 SYSTEMPATH\Commands\Server\rewrite.php(47): require_once('D:\\xampp\\htdocs\\authtest\\public\\index.php')
CRITICAL - 2024-04-02 13:37:12 --> ErrorException: include(D:\xampp\htdocs\authtest\app\Views\Layouts../Sidebar.php): Failed to open stream: No such file or directory
in APPPATH\Views\Layouts\Header.php on line 237.
 1 APPPATH\Views\Layouts\Header.php(237): CodeIgniter\Debug\Exceptions->errorHandler(2, 'include(D:\\xampp\\htdocs\\authtest\\app\\Views\\Layouts../Sidebar.php): Failed to open stream: No such file or directory', 'D:\\xampp\\htdocs\\authtest\\app\\Views\\Layouts\\Header.php', 237)
 2 APPPATH\Views\Layouts\Header.php(237): include()
 3 APPPATH\Views\Dashboard.php(2): include('D:\\xampp\\htdocs\\authtest\\app\\Views\\Layouts\\Header.php')
 4 SYSTEMPATH\View\View.php(228): include('D:\\xampp\\htdocs\\authtest\\app\\Views\\Dashboard.php')
 5 SYSTEMPATH\View\View.php(231): CodeIgniter\View\View->CodeIgniter\View\{closure}()
 6 SYSTEMPATH\Common.php(1178): CodeIgniter\View\View->render('Dashboard', [], true)
 7 APPPATH\Controllers\Home.php(16): view('Dashboard')
 8 SYSTEMPATH\CodeIgniter.php(943): App\Controllers\Home->Dashboard()
 9 SYSTEMPATH\CodeIgniter.php(503): CodeIgniter\CodeIgniter->runController(Object(App\Controllers\Home))
10 SYSTEMPATH\CodeIgniter.php(361): CodeIgniter\CodeIgniter->handleRequest(null, Object(Config\Cache), false)
11 FCPATH\index.php(79): CodeIgniter\CodeIgniter->run()
12 SYSTEMPATH\Commands\Server\rewrite.php(47): require_once('D:\\xampp\\htdocs\\authtest\\public\\index.php')
CRITICAL - 2024-04-02 13:37:12 --> ErrorException: include(D:\xampp\htdocs\authtest\app\Views\Layouts../Sidebar.php): Failed to open stream: No such file or directory
in APPPATH\Views\Layouts\Header.php on line 237.
 1 APPPATH\Views\Layouts\Header.php(237): CodeIgniter\Debug\Exceptions->errorHandler(2, 'include(D:\\xampp\\htdocs\\authtest\\app\\Views\\Layouts../Sidebar.php): Failed to open stream: No such file or directory', 'D:\\xampp\\htdocs\\authtest\\app\\Views\\Layouts\\Header.php', 237)
 2 APPPATH\Views\Layouts\Header.php(237): include()
 3 APPPATH\Views\Dashboard.php(2): include('D:\\xampp\\htdocs\\authtest\\app\\Views\\Layouts\\Header.php')
 4 SYSTEMPATH\View\View.php(228): include('D:\\xampp\\htdocs\\authtest\\app\\Views\\Dashboard.php')
 5 SYSTEMPATH\View\View.php(231): CodeIgniter\View\View->CodeIgniter\View\{closure}()
 6 SYSTEMPATH\Common.php(1178): CodeIgniter\View\View->render('Dashboard', [], true)
 7 APPPATH\Controllers\Home.php(16): view('Dashboard')
 8 SYSTEMPATH\CodeIgniter.php(943): App\Controllers\Home->Dashboard()
 9 SYSTEMPATH\CodeIgniter.php(503): CodeIgniter\CodeIgniter->runController(Object(App\Controllers\Home))
10 SYSTEMPATH\CodeIgniter.php(361): CodeIgniter\CodeIgniter->handleRequest(null, Object(Config\Cache), false)
11 FCPATH\index.php(79): CodeIgniter\CodeIgniter->run()
12 SYSTEMPATH\Commands\Server\rewrite.php(47): require_once('D:\\xampp\\htdocs\\authtest\\public\\index.php')
CRITICAL - 2024-04-02 13:37:12 --> ErrorException: include(D:\xampp\htdocs\authtest\app\Views\Layouts../Sidebar.php): Failed to open stream: No such file or directory
in APPPATH\Views\Layouts\Header.php on line 237.
 1 APPPATH\Views\Layouts\Header.php(237): CodeIgniter\Debug\Exceptions->errorHandler(2, 'include(D:\\xampp\\htdocs\\authtest\\app\\Views\\Layouts../Sidebar.php): Failed to open stream: No such file or directory', 'D:\\xampp\\htdocs\\authtest\\app\\Views\\Layouts\\Header.php', 237)
 2 APPPATH\Views\Layouts\Header.php(237): include()
 3 APPPATH\Views\Dashboard.php(2): include('D:\\xampp\\htdocs\\authtest\\app\\Views\\Layouts\\Header.php')
 4 SYSTEMPATH\View\View.php(228): include('D:\\xampp\\htdocs\\authtest\\app\\Views\\Dashboard.php')
 5 SYSTEMPATH\View\View.php(231): CodeIgniter\View\View->CodeIgniter\View\{closure}()
 6 SYSTEMPATH\Common.php(1178): CodeIgniter\View\View->render('Dashboard', [], true)
 7 APPPATH\Controllers\Home.php(16): view('Dashboard')
 8 SYSTEMPATH\CodeIgniter.php(943): App\Controllers\Home->Dashboard()
 9 SYSTEMPATH\CodeIgniter.php(503): CodeIgniter\CodeIgniter->runController(Object(App\Controllers\Home))
10 SYSTEMPATH\CodeIgniter.php(361): CodeIgniter\CodeIgniter->handleRequest(null, Object(Config\Cache), false)
11 FCPATH\index.php(79): CodeIgniter\CodeIgniter->run()
12 SYSTEMPATH\Commands\Server\rewrite.php(47): require_once('D:\\xampp\\htdocs\\authtest\\public\\index.php')
CRITICAL - 2024-04-02 13:37:19 --> ErrorException: include(D:\xampp\htdocs\authtest\app\Views\Layouts./Sidebar.php): Failed to open stream: No such file or directory
in APPPATH\Views\Layouts\Header.php on line 237.
 1 APPPATH\Views\Layouts\Header.php(237): CodeIgniter\Debug\Exceptions->errorHandler(2, 'include(D:\\xampp\\htdocs\\authtest\\app\\Views\\Layouts./Sidebar.php): Failed to open stream: No such file or directory', 'D:\\xampp\\htdocs\\authtest\\app\\Views\\Layouts\\Header.php', 237)
 2 APPPATH\Views\Layouts\Header.php(237): include()
 3 APPPATH\Views\Dashboard.php(2): include('D:\\xampp\\htdocs\\authtest\\app\\Views\\Layouts\\Header.php')
 4 SYSTEMPATH\View\View.php(228): include('D:\\xampp\\htdocs\\authtest\\app\\Views\\Dashboard.php')
 5 SYSTEMPATH\View\View.php(231): CodeIgniter\View\View->CodeIgniter\View\{closure}()
 6 SYSTEMPATH\Common.php(1178): CodeIgniter\View\View->render('Dashboard', [], true)
 7 APPPATH\Controllers\Home.php(16): view('Dashboard')
 8 SYSTEMPATH\CodeIgniter.php(943): App\Controllers\Home->Dashboard()
 9 SYSTEMPATH\CodeIgniter.php(503): CodeIgniter\CodeIgniter->runController(Object(App\Controllers\Home))
10 SYSTEMPATH\CodeIgniter.php(361): CodeIgniter\CodeIgniter->handleRequest(null, Object(Config\Cache), false)
11 FCPATH\index.php(79): CodeIgniter\CodeIgniter->run()
12 SYSTEMPATH\Commands\Server\rewrite.php(47): require_once('D:\\xampp\\htdocs\\authtest\\public\\index.php')
CRITICAL - 2024-04-02 14:10:13 --> ErrorException: include(D:\xampp\htdocs\authtest\app\Views\Layouts/Layouts/Sidebar.php): Failed to open stream: No such file or directory
in APPPATH\Views\Layouts\Header.php on line 214.
 1 APPPATH\Views\Layouts\Header.php(214): CodeIgniter\Debug\Exceptions->errorHandler(2, 'include(D:\\xampp\\htdocs\\authtest\\app\\Views\\Layouts/Layouts/Sidebar.php): Failed to open stream: No such file or directory', 'D:\\xampp\\htdocs\\authtest\\app\\Views\\Layouts\\Header.php', 214)
 2 APPPATH\Views\Layouts\Header.php(214): include()
 3 APPPATH\Views\Dashboard.php(4): include('D:\\xampp\\htdocs\\authtest\\app\\Views\\Layouts\\Header.php')
 4 SYSTEMPATH\View\View.php(228): include('D:\\xampp\\htdocs\\authtest\\app\\Views\\Dashboard.php')
 5 SYSTEMPATH\View\View.php(231): CodeIgniter\View\View->CodeIgniter\View\{closure}()
 6 SYSTEMPATH\Common.php(1178): CodeIgniter\View\View->render('Dashboard', [], true)
 7 APPPATH\Controllers\Home.php(16): view('Dashboard')
 8 SYSTEMPATH\CodeIgniter.php(943): App\Controllers\Home->Dashboard()
 9 SYSTEMPATH\CodeIgniter.php(503): CodeIgniter\CodeIgniter->runController(Object(App\Controllers\Home))
10 SYSTEMPATH\CodeIgniter.php(361): CodeIgniter\CodeIgniter->handleRequest(null, Object(Config\Cache), false)
11 FCPATH\index.php(79): CodeIgniter\CodeIgniter->run()
12 SYSTEMPATH\Commands\Server\rewrite.php(47): require_once('D:\\xampp\\htdocs\\authtest\\public\\index.php')
